<?xml version="1.0" encoding="UTF-8"?>
<testsuite xmlns:xsi="http://www.w3.org/2001/XMLSchema-instance" xsi:noNamespaceSchemaLocation="https://maven.apache.org/surefire/maven-surefire-plugin/xsd/surefire-test-report.xsd" name="qaclickacademy.AppTest" time="0.059" tests="1" errors="0" skipped="0" failures="0">
  <properties>
    <property name="java.specification.version" value="15"/>
    <property name="sun.cpu.isalist" value="amd64"/>
    <property name="sun.jnu.encoding" value="Cp1252"/>
    <property name="java.class.path" value="C:\Users\Raghavendra A Gotur\eclipse-workspace\Mavenjava\target\test-classes;C:\Users\Raghavendra A Gotur\eclipse-workspace\Mavenjava\target\classes;C:\Users\Raghavendra A Gotur\.m2\repository\junit\junit\4.11\junit-4.11.jar;C:\Users\Raghavendra A Gotur\.m2\repository\org\hamcrest\hamcrest-core\1.3\hamcrest-core-1.3.jar;"/>
    <property name="java.vm.vendor" value="Oracle Corporation"/>
    <property name="sun.arch.data.model" value="64"/>
    <property name="user.variant" value=""/>
    <property name="java.vendor.url" value="https://java.oracle.com/"/>
    <property name="user.timezone" value="Asia/Calcutta"/>
    <property name="os.name" value="Windows 10"/>
    <property name="java.vm.specification.version" value="15"/>
    <property name="sun.java.launcher" value="SUN_STANDARD"/>
    <property name="user.country" value="IN"/>
    <property name="sun.boot.library.path" value="C:\Program Files\Java\jdk-15.0.2\bin"/>
    <property name="sun.java.command" value="C:\Users\RAGHAV~1\AppData\Local\Temp\surefire4337947380356463789\surefirebooter7285730659053101435.jar C:\Users\Raghavendra A Gotur\AppData\Local\Temp\surefire4337947380356463789 2021-08-25T09-38-19_440-jvmRun1 surefire8521399134509437857tmp surefire_013999690122761227397tmp"/>
    <property name="jdk.debug" value="release"/>
    <property name="surefire.test.class.path" value="C:\Users\Raghavendra A Gotur\eclipse-workspace\Mavenjava\target\test-classes;C:\Users\Raghavendra A Gotur\eclipse-workspace\Mavenjava\target\classes;C:\Users\Raghavendra A Gotur\.m2\repository\junit\junit\4.11\junit-4.11.jar;C:\Users\Raghavendra A Gotur\.m2\repository\org\hamcrest\hamcrest-core\1.3\hamcrest-core-1.3.jar;"/>
    <property name="sun.cpu.endian" value="little"/>
    <property name="user.home" value="C:\Users\Raghavendra A Gotur"/>
    <property name="user.language" value="en"/>
    <property name="java.specification.vendor" value="Oracle Corporation"/>
    <property name="java.version.date" value="2021-01-19"/>
    <property name="java.home" value="C:\Program Files\Java\jdk-15.0.2"/>
    <property name="file.separator" value="\"/>
    <property name="basedir" value="C:\Users\Raghavendra A Gotur\eclipse-workspace\Mavenjava"/>
    <property name="java.vm.compressedOopsMode" value="32-bit"/>
    <property name="line.separator" value="&#10;"/>
    <property name="java.vm.specification.vendor" value="Oracle Corporation"/>
    <property name="java.specification.name" value="Java Platform API Specification"/>
    <property name="surefire.real.class.path" value="C:\Users\RAGHAV~1\AppData\Local\Temp\surefire4337947380356463789\surefirebooter7285730659053101435.jar"/>
    <property name="user.script" value=""/>
    <property name="sun.management.compiler" value="HotSpot 64-Bit Tiered Compilers"/>
    <property name="java.runtime.version" value="15.0.2+7-27"/>
    <property name="user.name" value="Raghavendra A Gotur"/>
    <property name="path.separator" value=";"/>
    <property name="os.version" value="10.0"/>
    <property name="java.runtime.name" value="Java(TM) SE Runtime Environment"/>
    <property name="file.encoding" value="Cp1252"/>
    <property name="java.vm.name" value="Java HotSpot(TM) 64-Bit Server VM"/>
    <property name="localRepository" value="C:\Users\Raghavendra A Gotur\.m2\repository"/>
    <property name="java.vendor.url.bug" value="https://bugreport.java.com/bugreport/"/>
    <property name="java.io.tmpdir" value="C:\Users\RAGHAV~1\AppData\Local\Temp\"/>
    <property name="java.version" value="15.0.2"/>
    <property name="user.dir" value="C:\Users\Raghavendra A Gotur\eclipse-workspace\Mavenjava"/>
    <property name="os.arch" value="amd64"/>
    <property name="java.vm.specification.name" value="Java Virtual Machine Specification"/>
    <property name="sun.os.patch.level" value=""/>
    <property name="java.library.path" value="C:\Program Files\Java\jdk-15.0.2\bin;C:\WINDOWS\Sun\Java\bin;C:\WINDOWS\system32;C:\WINDOWS;C:\Python39\Scripts\;C:\Python39\;C:\Program Files\Common Files\Oracle\Java\javapath;C:\Program Files\Java\jdk-13.0.1\bin;C:\Gradle\gradle-6.8.3-all\gradle-6.8.3\bin;C:\sqlite;C:\sqlite3\sqlite-tools-win32-x86-3350300\sqlite-tools-win32-x86-3350300;C:\ProgramData\chocolatey\bin;C:\Users\Raghavendra A Gotur\mongodb\bin;C:\Program Files (x86)\Vim\vim82;C:\Windows\System32;C:\WINDOWS\system32;C:\WINDOWS;C:\WINDOWS\System32\Wbem;C:\WINDOWS\System32\WindowsPowerShell\v1.0\;C:\WINDOWS\System32\OpenSSH\;C:\Selenium\apache-maven-3.8.1-bin\apache-maven-3.8.1\bin;C:\Users\Raghavendra A Gotur\AppData\Local\Programs\Python\Python38-32\Scripts\;C:\Users\Raghavendra A Gotur\AppData\Local\Programs\Python\Python38-32\;C:\Program Files\Java\jdk-13.0.1\bin;C:\Users\Raghavendra A Gotur\AppData\Local\Programs\Microsoft VS Code\bin;C:\Exercism;C:\WINDOWS\System32\WindowsPowerShell\v1.0;C:\Users\Raghavendra A Gotur\mongodb\bin;C:\Program Files\node-v12.22.1-win-x64;;C:\Users\Raghavendra A Gotur\AppData\Local\Microsoft\WindowsApps;."/>
    <property name="java.vm.info" value="mixed mode, sharing"/>
    <property name="java.vendor" value="Oracle Corporation"/>
    <property name="java.vm.version" value="15.0.2+7-27"/>
    <property name="sun.io.unicode.encoding" value="UnicodeLittle"/>
    <property name="java.class.version" value="59.0"/>
  </properties>
  <testcase name="shouldAnswerWithTrue" classname="qaclickacademy.AppTest" time="0.002"/>
</testsuite>