<?xml version="1.0" encoding="UTF-8"?>
<!-- Generated by org.testng.reporters.JUnitReportReporter -->
<testsuite hostname="LAPTOP-132OFLUE" failures="0" tests="2" name="qaclickacademy.SeleniumTest" time="0.003" errors="0" timestamp="2021-08-27T09:33:56 IST" skipped="0">
  <testcase classname="qaclickacademy.SeleniumTest" name="elementsUI" time="0.000"/>
  <system-out/>
  <testcase classname="qaclickacademy.SeleniumTest" name="BrowserAutomation" time="0.003"/>
  <system-out/>
</testsuite> <!-- qaclickacademy.SeleniumTest -->
